The target system is: Generic -  - arm
The host system is: Linux - 6.1.84-1-rk2410 - aarch64
Compiling the C compiler identification source file "CMakeCCompilerId.c" succeeded.
Compiler: /usr/bin/arm-none-eabi-gcc 
Build flags: ;-mcpu=cortex-m3;;-Wall;-Wextra;-Wpedantic;-fdata-sections;-ffunction-sections;-O0;-g3;-mcpu=cortex-m3;;-Wall;-Wextra;-Wpedantic;-fdata-sections;-ffunction-sections;-O0;-g3;-mcpu=cortex-m3;;-Wall;-Wextra;-Wpedantic;-fdata-sections;-ffunction-sections;-O0;-g3
Id flags: -c 

The output was:
0


Compilation of the C compiler identification source "CMakeCCompilerId.c" produced "CMakeCCompilerId.o"

The C compiler identification is GNU, found in "/home/user/dev/STM32Project/thermometers/build/CMakeFiles/3.25.1/CompilerIdC/CMakeCCompilerId.o"

Checking whether the ASM compiler is GNU using "--version" matched "(GNU assembler)|(GCC)|(Free Software Foundation)":
arm-none-eabi-gcc (15:12.2.rel1-1) 12.2.1 20221205
Copyright (C) 2022 Free Software Foundation, Inc.
This is free software; see the source for copying conditions.  There is NO
warranty; not even for MERCHANTABILITY or FITNESS FOR A PARTICULAR PURPOSE.

Compiling the CXX compiler identification source file "CMakeCXXCompilerId.cpp" succeeded.
Compiler: /usr/bin/arm-none-eabi-g++ 
Build flags: ;-mcpu=cortex-m3;;-Wall;-Wextra;-Wpedantic;-fdata-sections;-ffunction-sections;-O0;-g3;-mcpu=cortex-m3;;-Wall;-Wextra;-Wpedantic;-fdata-sections;-ffunction-sections;-O0;-g3;-mcpu=cortex-m3;;-Wall;-Wextra;-Wpedantic;-fdata-sections;-ffunction-sections;-O0;-g3;-fno-rtti;-fno-exceptions;-fno-threadsafe-statics
Id flags: -c 

The output was:
0


Compilation of the CXX compiler identification source "CMakeCXXCompilerId.cpp" produced "CMakeCXXCompilerId.o"

The CXX compiler identification is GNU, found in "/home/user/dev/STM32Project/thermometers/build/CMakeFiles/3.25.1/CompilerIdCXX/CMakeCXXCompilerId.o"

